<?xml version="1.0" encoding="UTF-8"?>
<!-- Generated by org.testng.reporters.JUnitXMLReporter -->
<testsuite hostname="DESKTOP-TJ32CGS" name="Validating User login" tests="2" failures="2" timestamp="23 Nov 2020 06:23:59 GMT" time="9.438" errors="0">
  <testcase name="basePageNavigation" time="1.672" classname="Academy.SignInPage">
    <failure type="java.lang.NoClassDefFoundError" message="pageObjects/LandingPage">
      <![CDATA[java.lang.NoClassDefFoundError: pageObjects/LandingPage
	at Academy.SignInPage.basePageNavigation(SignInPage.java:31)
Caused by: java.lang.ClassNotFoundException: pageObjects.LandingPage
	at java.net.URLClassLoader.findClass(URLClassLoader.java:382)
	at java.lang.ClassLoader.loadClass(ClassLoader.java:418)
	at sun.misc.Launcher$AppClassLoader.loadClass(Launcher.java:355)
	at java.lang.ClassLoader.loadClass(ClassLoader.java:351)
	... 26 more
... Removed 25 stack frames]]>
    </failure>
  </testcase> <!-- basePageNavigation -->
  <testcase name="basePageNavigation" time="1.155" classname="Academy.SignInPage">
    <failure type="java.lang.NoClassDefFoundError" message="pageObjects/LandingPage">
      <![CDATA[java.lang.NoClassDefFoundError: pageObjects/LandingPage
	at Academy.SignInPage.basePageNavigation(SignInPage.java:31)
... Removed 25 stack frames]]>
    </failure>
  </testcase> <!-- basePageNavigation -->
</testsuite> <!-- Validating User login -->
