<?xml version="1.0" encoding="UTF-8"?>
<!-- Generated by org.testng.reporters.JUnitXMLReporter -->
<testsuite hostname="DESKTOP-TJ32CGS" name="VieW Farm Users page" tests="1" failures="0" timestamp="23 Nov 2020 09:10:53 GMT" time="9.818" errors="0">
  <testcase name="@BeforeTest intialize" time="0.0" classname="Academy.Farmuserspage">
    <failure type="java.lang.NullPointerException">
      <![CDATA[java.lang.NullPointerException
	at resources.base.initializeDriver(base.java:46)
	at Academy.Farmuserspage.intialize(Farmuserspage.java:24)
	at org.apache.maven.surefire.testng.TestNGExecutor.run(TestNGExecutor.java:283)
	at org.apache.maven.surefire.testng.TestNGXmlTestSuite.execute(TestNGXmlTestSuite.java:75)
	at org.apache.maven.surefire.testng.TestNGProvider.invoke(TestNGProvider.java:120)
	at org.apache.maven.surefire.booter.ForkedBooter.invokeProviderInSameClassLoader(ForkedBooter.java:386)
	at org.apache.maven.surefire.booter.ForkedBooter.runSuitesInProcess(ForkedBooter.java:323)
	at org.apache.maven.surefire.booter.ForkedBooter.main(ForkedBooter.java:143)
... Removed 19 stack frames]]>
    </failure>
  </testcase> <!-- @BeforeTest intialize -->
  <testcase name="@AfterTest teardown" time="0.0" classname="Academy.Farmuserspage">
    <skipped/>
  </testcase> <!-- @AfterTest teardown -->
  <testcase name="usermanagement" time="0.0" classname="Academy.Farmuserspage">
    <skipped/>
  </testcase> <!-- usermanagement -->
</testsuite> <!-- VieW Farm Users page -->
