<?xml version="1.0" encoding="UTF-8"?>
<testng-results skipped="0" failed="2" total="2" passed="0">
  <reporter-output>
  </reporter-output>
  <suite name="Suite" duration-ms="9943" started-at="2020-11-23T06:23:49Z" finished-at="2020-11-23T06:23:59Z">
    <groups>
    </groups>
    <test name="Validating User login" duration-ms="9438" started-at="2020-11-23T06:23:49Z" finished-at="2020-11-23T06:23:59Z">
      <class name="Academy.SignInPage">
        <test-method status="PASS" signature="intialize()[pri:0, instance:Academy.SignInPage@c03cf28]" name="intialize" is-config="true" duration-ms="4966" started-at="2020-11-23T11:53:49Z" finished-at="2020-11-23T11:53:54Z">
          <reporter-output>
          </reporter-output>
        </test-method> <!-- intialize -->
        <test-method status="FAIL" signature="basePageNavigation(java.lang.String, java.lang.String, java.lang.String)[pri:0, instance:Academy.SignInPage@c03cf28]" name="basePageNavigation" duration-ms="1672" started-at="2020-11-23T11:53:54Z" data-provider="getData" finished-at="2020-11-23T11:53:56Z">
          <params>
            <param index="0">
              <value>
                <![CDATA[Aaria]]>
              </value>
            </param>
            <param index="1">
              <value>
                <![CDATA[9573832805]]>
              </value>
            </param>
            <param index="2">
              <value>
                <![CDATA[9999]]>
              </value>
            </param>
          </params>
          <exception class="java.lang.NoClassDefFoundError">
            <message>
              <![CDATA[pageObjects/LandingPage]]>
            </message>
            <full-stacktrace>
              <![CDATA[java.lang.NoClassDefFoundError: pageObjects/LandingPage
	at Academy.SignInPage.basePageNavigation(SignInPage.java:31)
	at sun.reflect.NativeMethodAccessorImpl.invoke0(Native Method)
	at sun.reflect.NativeMethodAccessorImpl.invoke(NativeMethodAccessorImpl.java:62)
	at sun.reflect.DelegatingMethodAccessorImpl.invoke(DelegatingMethodAccessorImpl.java:43)
	at java.lang.reflect.Method.invoke(Method.java:498)
	at org.testng.internal.MethodInvocationHelper.invokeMethod(MethodInvocationHelper.java:86)
	at org.testng.internal.Invoker.invokeMethod(Invoker.java:646)
	at org.testng.internal.Invoker.invokeTestMethod(Invoker.java:823)
	at org.testng.internal.Invoker.invokeTestMethods(Invoker.java:1131)
	at org.testng.internal.TestMethodWorker.invokeTestMethods(TestMethodWorker.java:129)
	at org.testng.internal.TestMethodWorker.run(TestMethodWorker.java:112)
	at org.testng.TestRunner.privateRun(TestRunner.java:778)
	at org.testng.TestRunner.run(TestRunner.java:632)
	at org.testng.SuiteRunner.runTest(SuiteRunner.java:366)
	at org.testng.SuiteRunner.runSequentially(SuiteRunner.java:361)
	at org.testng.SuiteRunner.privateRun(SuiteRunner.java:319)
	at org.testng.SuiteRunner.run(SuiteRunner.java:268)
	at org.testng.SuiteRunnerWorker.runSuite(SuiteRunnerWorker.java:52)
	at org.testng.SuiteRunnerWorker.run(SuiteRunnerWorker.java:86)
	at org.testng.TestNG.runSuitesSequentially(TestNG.java:1225)
	at org.testng.TestNG.runSuitesLocally(TestNG.java:1150)
	at org.testng.TestNG.runSuites(TestNG.java:1075)
	at org.testng.TestNG.run(TestNG.java:1047)
	at org.testng.remote.AbstractRemoteTestNG.run(AbstractRemoteTestNG.java:126)
	at org.testng.remote.RemoteTestNG.initAndRun(RemoteTestNG.java:137)
	at org.testng.remote.RemoteTestNG.main(RemoteTestNG.java:58)
Caused by: java.lang.ClassNotFoundException: pageObjects.LandingPage
	at java.net.URLClassLoader.findClass(URLClassLoader.java:382)
	at java.lang.ClassLoader.loadClass(ClassLoader.java:418)
	at sun.misc.Launcher$AppClassLoader.loadClass(Launcher.java:355)
	at java.lang.ClassLoader.loadClass(ClassLoader.java:351)
	... 26 more
]]>
            </full-stacktrace>
          </exception> <!-- java.lang.NoClassDefFoundError -->
          <reporter-output>
          </reporter-output>
        </test-method> <!-- basePageNavigation -->
        <test-method status="FAIL" signature="basePageNavigation(java.lang.String, java.lang.String, java.lang.String)[pri:0, instance:Academy.SignInPage@c03cf28]" name="basePageNavigation" duration-ms="1155" started-at="2020-11-23T11:53:57Z" data-provider="getData" finished-at="2020-11-23T11:53:58Z">
          <params>
            <param index="0">
              <value>
                <![CDATA[KamalaFarms]]>
              </value>
            </param>
            <param index="1">
              <value>
                <![CDATA[9963595579]]>
              </value>
            </param>
            <param index="2">
              <value>
                <![CDATA[9999]]>
              </value>
            </param>
          </params>
          <exception class="java.lang.NoClassDefFoundError">
            <message>
              <![CDATA[pageObjects/LandingPage]]>
            </message>
            <full-stacktrace>
              <![CDATA[java.lang.NoClassDefFoundError: pageObjects/LandingPage
	at Academy.SignInPage.basePageNavigation(SignInPage.java:31)
	at sun.reflect.NativeMethodAccessorImpl.invoke0(Native Method)
	at sun.reflect.NativeMethodAccessorImpl.invoke(NativeMethodAccessorImpl.java:62)
	at sun.reflect.DelegatingMethodAccessorImpl.invoke(DelegatingMethodAccessorImpl.java:43)
	at java.lang.reflect.Method.invoke(Method.java:498)
	at org.testng.internal.MethodInvocationHelper.invokeMethod(MethodInvocationHelper.java:86)
	at org.testng.internal.Invoker.invokeMethod(Invoker.java:646)
	at org.testng.internal.Invoker.invokeTestMethod(Invoker.java:823)
	at org.testng.internal.Invoker.invokeTestMethods(Invoker.java:1131)
	at org.testng.internal.TestMethodWorker.invokeTestMethods(TestMethodWorker.java:129)
	at org.testng.internal.TestMethodWorker.run(TestMethodWorker.java:112)
	at org.testng.TestRunner.privateRun(TestRunner.java:778)
	at org.testng.TestRunner.run(TestRunner.java:632)
	at org.testng.SuiteRunner.runTest(SuiteRunner.java:366)
	at org.testng.SuiteRunner.runSequentially(SuiteRunner.java:361)
	at org.testng.SuiteRunner.privateRun(SuiteRunner.java:319)
	at org.testng.SuiteRunner.run(SuiteRunner.java:268)
	at org.testng.SuiteRunnerWorker.runSuite(SuiteRunnerWorker.java:52)
	at org.testng.SuiteRunnerWorker.run(SuiteRunnerWorker.java:86)
	at org.testng.TestNG.runSuitesSequentially(TestNG.java:1225)
	at org.testng.TestNG.runSuitesLocally(TestNG.java:1150)
	at org.testng.TestNG.runSuites(TestNG.java:1075)
	at org.testng.TestNG.run(TestNG.java:1047)
	at org.testng.remote.AbstractRemoteTestNG.run(AbstractRemoteTestNG.java:126)
	at org.testng.remote.RemoteTestNG.initAndRun(RemoteTestNG.java:137)
	at org.testng.remote.RemoteTestNG.main(RemoteTestNG.java:58)
]]>
            </full-stacktrace>
          </exception> <!-- java.lang.NoClassDefFoundError -->
          <reporter-output>
          </reporter-output>
        </test-method> <!-- basePageNavigation -->
        <test-method status="PASS" signature="teardown()[pri:0, instance:Academy.SignInPage@c03cf28]" name="teardown" is-config="true" duration-ms="132" started-at="2020-11-23T11:53:59Z" finished-at="2020-11-23T11:53:59Z">
          <reporter-output>
          </reporter-output>
        </test-method> <!-- teardown -->
      </class> <!-- Academy.SignInPage -->
    </test> <!-- Validating User login -->
    <test name="App Testing" duration-ms="15" started-at="2020-11-23T06:23:59Z" finished-at="2020-11-23T06:23:59Z">
    </test> <!-- App Testing -->
  </suite> <!-- Suite -->
</testng-results>
